<?xml version="1.0" encoding="utf-8" standalone="no"?>
<test-results xmlns:xsi="http://www.w3.org/2001/XMLSchema-instance" xsi:noNamespaceSchemaLocation="nunit_schema_2.5.xsd" name="Pester" total="20" errors="0" failures="0" not-run="0" inconclusive="0" ignored="0" skipped="0" invalid="0" date="2026-07-06" time="23:25:53">
  <environment platform="Darwin" os-version="25.3.0" user="dayoungkim" clr-version="10.0.8" nunit-version="2.5.8.0" cwd="/Users/dayoungkim/Desktop/DanaKim-Portfoilo/New Project_24 May 2026/msp-servicedesk-toolkit" machine-name="Dayoungs-iMac.local" user-domain="" />
  <culture-info current-culture="en-KR" current-uiculture="en-KR" />
  <test-suite type="TestFixture" name="Pester" executed="True" result="Success" success="True" time="0.7431" asserts="0" description="Pester">
    <results>
      <test-suite type="TestFixture" name="/Users/dayoungkim/Desktop/DanaKim-Portfoilo/New Project_24 May 2026/msp-servicedesk-toolkit/tests/SdKit.Tests.ps1" executed="True" result="Success" success="True" time="0.7431" asserts="0" description="/Users/dayoungkim/Desktop/DanaKim-Portfoilo/New Project_24 May 2026/msp-servicedesk-toolkit/tests/SdKit.Tests.ps1">
        <results>
          <test-suite type="TestFixture" name="Module manifest" executed="True" result="Success" success="True" time="0.1053" asserts="0" description="Module manifest">
            <results>
              <test-case description="is a valid module manifest" name="Module manifest.is a valid module manifest" time="0.0724" asserts="0" success="True" result="Success" executed="True" />
              <test-case description="exports exactly the ten public commands" name="Module manifest.exports exactly the ten public commands" time="0.0101" asserts="0" success="True" result="Success" executed="True" />
            </results>
          </test-suite>
          <test-suite type="TestFixture" name="New-SdTicketNote" executed="True" result="Success" success="True" time="0.1464" asserts="0" description="New-SdTicketNote">
            <results>
              <test-case description="produces the standard sections in order" name="New-SdTicketNote.produces the standard sections in order" time="0.0232" asserts="0" success="True" result="Success" executed="True" />
              <test-case description="switches to a handover format for escalations" name="New-SdTicketNote.switches to a handover format for escalations" time="0.0057" asserts="0" success="True" result="Success" executed="True" />
              <test-case description="omits sections that were not provided" name="New-SdTicketNote.omits sections that were not provided" time="0.0063" asserts="0" success="True" result="Success" executed="True" />
            </results>
          </test-suite>
          <test-suite type="TestFixture" name="New-SdComputerName" executed="True" result="Success" success="True" time="0.1775" asserts="0" description="New-SdComputerName">
            <results>
              <test-case description="substitutes tokens and upper-cases the result" name="New-SdComputerName.substitutes tokens and upper-cases the result" time="0.0059" asserts="0" success="True" result="Success" executed="True" />
              <test-case description="strips illegal characters from the serial" name="New-SdComputerName.strips illegal characters from the serial" time="0.0026" asserts="0" success="True" result="Success" executed="True" />
              <test-case description="keeps the tail of a long serial to stay under 15 characters" name="New-SdComputerName.keeps the tail of a long serial to stay under 15 characters" time="0.0106" asserts="0" success="True" result="Success" executed="True" />
              <test-case description="hard-truncates and warns when the pattern itself is too long" name="New-SdComputerName.hard-truncates and warns when the pattern itself is too long" time="0.0095" asserts="0" success="True" result="Success" executed="True" />
            </results>
          </test-suite>
          <test-suite type="TestFixture" name="Get-SdClientConfig" executed="True" result="Success" success="True" time="0.3303" asserts="0" description="Get-SdClientConfig">
            <results>
              <test-case description="loads all clients from the sample config" name="Get-SdClientConfig.loads all clients from the sample config" time="0.0545" asserts="0" success="True" result="Success" executed="True" />
              <test-case description="returns a single client by code" name="Get-SdClientConfig.returns a single client by code" time="0.0062" asserts="0" success="True" result="Success" executed="True" />
              <test-case description="lists the known codes when the code does not exist" name="Get-SdClientConfig.lists the known codes when the code does not exist" time="0.0518" asserts="0" success="True" result="Success" executed="True" />
              <test-case description="fails with a helpful message when the file is missing" name="Get-SdClientConfig.fails with a helpful message when the file is missing" time="0.0041" asserts="0" success="True" result="Success" executed="True" />
              <test-case description="names the client and field when a required field is missing" name="Get-SdClientConfig.names the client and field when a required field is missing" time="0.033" asserts="0" success="True" result="Success" executed="True" />
            </results>
          </test-suite>
          <test-suite type="TestFixture" name="New-SdTempPassword (private)" executed="True" result="Success" success="True" time="0.3869" asserts="0" description="New-SdTempPassword (private)">
            <results>
              <test-case description="generates passwords with words, digits and a symbol" name="New-SdTempPassword (private).generates passwords with words, digits and a symbol" time="0.0282" asserts="0" success="True" result="Success" executed="True" />
              <test-case description="respects the word count parameter" name="New-SdTempPassword (private).respects the word count parameter" time="0.0057" asserts="0" success="True" result="Success" executed="True" />
              <test-case description="does not repeat itself across runs" name="New-SdTempPassword (private).does not repeat itself across runs" time="0.0203" asserts="0" success="True" result="Success" executed="True" />
            </results>
          </test-suite>
          <test-suite type="TestFixture" name="Format-SdTriageNote (private)" executed="True" result="Success" success="True" time="0.4203" asserts="0" description="Format-SdTriageNote (private)">
            <results>
              <test-case description="formats a fabricated snapshot and flags low disk space" name="Format-SdTriageNote (private).formats a fabricated snapshot and flags low disk space" time="0.0254" asserts="0" success="True" result="Success" executed="True" />
            </results>
          </test-suite>
          <test-suite type="TestFixture" name="Test-SdNetworkStack" executed="True" result="Success" success="True" time="0.4929" asserts="0" description="Test-SdNetworkStack">
            <results>
              <test-case description="returns structured check objects with plain-English fields" name="Test-SdNetworkStack.returns structured check objects with plain-English fields" time="0.0586" asserts="0" success="True" result="Success" executed="True" />
              <test-case description="produces a ticket note with a summary line" name="Test-SdNetworkStack.produces a ticket note with a summary line" time="0.0106" asserts="0" success="True" result="Success" executed="True" />
            </results>
          </test-suite>
        </results>
      </test-suite>
    </results>
  </test-suite>
</test-results>